Using pre-set license
Built from '2021.3/staging' branch; Version is '2021.3.13f1 (9e7d58001ecf) revision 10386776'; Using compiler version '192829333'; Build Type 'Release'
OS: 'Windows 10  (10.0.19044) 64bit Core' Language: 'tr' Physical Memory: 16268 MB
BatchMode: 1, IsHumanControllingUs: 0, StartBugReporterOnCrash: 0, Is64bit: 1, IsPro: 1

COMMAND LINE ARGUMENTS:
D:\Unity Hub\Editor\2021.3.13f1\Editor\Unity.exe
-adb2
-batchMode
-noUpm
-name
AssetImportWorker0
-projectPath
C:/Users/Maing/Documents/GitHub/SlingshotProject
-logFile
Logs/AssetImportWorker0.log
-srvPort
51043
Successfully changed project path to: C:/Users/Maing/Documents/GitHub/SlingshotProject
C:/Users/Maing/Documents/GitHub/SlingshotProject
[UnityMemory] Configuration Parameters - Can be set up in boot.config
    "memorysetup-bucket-allocator-granularity=16"
    "memorysetup-bucket-allocator-bucket-count=8"
    "memorysetup-bucket-allocator-block-size=33554432"
    "memorysetup-bucket-allocator-block-count=8"
    "memorysetup-main-allocator-block-size=16777216"
    "memorysetup-thread-allocator-block-size=16777216"
    "memorysetup-gfx-main-allocator-block-size=16777216"
    "memorysetup-gfx-thread-allocator-block-size=16777216"
    "memorysetup-cache-allocator-block-size=4194304"
    "memorysetup-typetree-allocator-block-size=2097152"
    "memorysetup-profiler-bucket-allocator-granularity=16"
    "memorysetup-profiler-bucket-allocator-bucket-count=8"
    "memorysetup-profiler-bucket-allocator-block-size=33554432"
    "memorysetup-profiler-bucket-allocator-block-count=8"
    "memorysetup-profiler-allocator-block-size=16777216"
    "memorysetup-profiler-editor-allocator-block-size=1048576"
    "memorysetup-temp-allocator-size-main=16777216"
    "memorysetup-job-temp-allocator-block-size=2097152"
    "memorysetup-job-temp-allocator-block-size-background=1048576"
    "memorysetup-job-temp-allocator-reduction-small-platforms=262144"
    "memorysetup-temp-allocator-size-background-worker=32768"
    "memorysetup-temp-allocator-size-job-worker=262144"
    "memorysetup-temp-allocator-size-preload-manager=33554432"
    "memorysetup-temp-allocator-size-nav-mesh-worker=65536"
    "memorysetup-temp-allocator-size-audio-worker=65536"
    "memorysetup-temp-allocator-size-cloud-worker=32768"
    "memorysetup-temp-allocator-size-gi-baking-worker=262144"
    "memorysetup-temp-allocator-size-gfx=262144"
Refreshing native plugins compatible for Editor in 151.02 ms, found 3 plugins.
Preloading 0 native plugins for Editor in 0.00 ms.
Initialize engine version: 2021.3.13f1 (9e7d58001ecf)
[Subsystems] Discovering subsystems at path D:/Unity Hub/Editor/2021.3.13f1/Editor/Data/Resources/UnitySubsystems
[Subsystems] Discovering subsystems at path C:/Users/Maing/Documents/GitHub/SlingshotProject/Assets
GfxDevice: creating device client; threaded=0; jobified=0
Direct3D:
    Version:  Direct3D 11.0 [level 11.1]
    Renderer: NVIDIA GeForce GTX 1050 (ID=0x1c8d)
    Vendor:   NVIDIA
    VRAM:     4021 MB
    Driver:   30.0.14.9709
Initialize mono
Mono path[0] = 'D:/Unity Hub/Editor/2021.3.13f1/Editor/Data/Managed'
Mono path[1] = 'D:/Unity Hub/Editor/2021.3.13f1/Editor/Data/MonoBleedingEdge/lib/mono/unityjit-win32'
Mono config path = 'D:/Unity Hub/Editor/2021.3.13f1/Editor/Data/MonoBleedingEdge/etc'
Using monoOptions --debugger-agent=transport=dt_socket,embedding=1,server=y,suspend=n,address=127.0.0.1:56468
Begin MonoManager ReloadAssembly
Registering precompiled unity dll's ...
Register platform support module: D:/Unity Hub/Editor/2021.3.13f1/Editor/Data/PlaybackEngines/AndroidPlayer/UnityEditor.Android.Extensions.dll
Register platform support module: D:/Unity Hub/Editor/2021.3.13f1/Editor/Data/PlaybackEngines/WindowsStandaloneSupport/UnityEditor.WindowsStandalone.Extensions.dll
Registered in 0.006114 seconds.
Native extension for WindowsStandalone target not found
Native extension for Android target not found
Refreshing native plugins compatible for Editor in 176.17 ms, found 3 plugins.
Preloading 0 native plugins for Editor in 0.00 ms.
Mono: successfully reloaded assembly
- Completed reload, in  1.508 seconds
Domain Reload Profiling:
	ReloadAssembly (1509ms)
		BeginReloadAssembly (192ms)
			ExecutionOrderSort (0ms)
			DisableScriptedObjects (0ms)
			BackupInstance (0ms)
			ReleaseScriptingObjects (0ms)
			CreateAndSetChildDomain (4ms)
		EndReloadAssembly (1130ms)
			LoadAssemblies (185ms)
			RebuildTransferFunctionScriptingTraits (0ms)
			SetupTypeCache (396ms)
			ReleaseScriptCaches (0ms)
			RebuildScriptCaches (50ms)
			SetupLoadedEditorAssemblies (600ms)
				LogAssemblyErrors (0ms)
				InitializePlatformSupportModulesInManaged (151ms)
				SetLoadedEditorAssemblies (0ms)
				RefreshPlugins (176ms)
				BeforeProcessingInitializeOnLoad (2ms)
				ProcessInitializeOnLoadAttributes (185ms)
				ProcessInitializeOnLoadMethodAttributes (85ms)
				AfterProcessingInitializeOnLoad (0ms)
				EditorAssembliesLoaded (0ms)
			ExecutionOrderSort2 (0ms)
			AwakeInstancesAfterBackupRestoration (0ms)
Platform modules already initialized, skipping
Registering precompiled user dll's ...
Registered in 0.012708 seconds.
Begin MonoManager ReloadAssembly
Symbol file LoadedFromMemory doesn't match image C:\Users\Maing\Documents\GitHub\SlingshotProject\Library\PackageCache\com.unity.visualscripting@1.7.8\Editor\VisualScripting.Core\Dependencies\YamlDotNet\Unity.VisualScripting.YamlDotNet.dll
Symbol file LoadedFromMemory doesn't match image C:\Users\Maing\Documents\GitHub\SlingshotProject\Library\PackageCache\com.unity.visualscripting@1.7.8\Editor\VisualScripting.Core\Dependencies\DotNetZip\Unity.VisualScripting.IonicZip.dll
Native extension for WindowsStandalone target not found
Native extension for Android target not found
Refreshing native plugins compatible for Editor in 0.75 ms, found 3 plugins.
Preloading 0 native plugins for Editor in 0.00 ms.
Mono: successfully reloaded assembly
- Completed reload, in  2.005 seconds
Domain Reload Profiling:
	ReloadAssembly (2006ms)
		BeginReloadAssembly (300ms)
			ExecutionOrderSort (0ms)
			DisableScriptedObjects (11ms)
			BackupInstance (0ms)
			ReleaseScriptingObjects (0ms)
			CreateAndSetChildDomain (137ms)
		EndReloadAssembly (1486ms)
			LoadAssemblies (147ms)
			RebuildTransferFunctionScriptingTraits (0ms)
			SetupTypeCache (485ms)
			ReleaseScriptCaches (1ms)
			RebuildScriptCaches (100ms)
			SetupLoadedEditorAssemblies (678ms)
				LogAssemblyErrors (0ms)
				InitializePlatformSupportModulesInManaged (20ms)
				SetLoadedEditorAssemblies (1ms)
				RefreshPlugins (1ms)
				BeforeProcessingInitializeOnLoad (142ms)
				ProcessInitializeOnLoadAttributes (451ms)
				ProcessInitializeOnLoadMethodAttributes (57ms)
				AfterProcessingInitializeOnLoad (6ms)
				EditorAssembliesLoaded (0ms)
			ExecutionOrderSort2 (0ms)
			AwakeInstancesAfterBackupRestoration (9ms)
Platform modules already initialized, skipping
========================================================================
Worker process is ready to serve import requests
Launched and connected shader compiler UnityShaderCompiler.exe after 0.08 seconds
Refreshing native plugins compatible for Editor in 1.96 ms, found 3 plugins.
Preloading 0 native plugins for Editor in 0.00 ms.
Unloading 3688 Unused Serialized files (Serialized files now loaded: 0)
Unloading 40 unused Assets / (129.3 KB). Loaded Objects now: 4153.
Memory consumption went from 130.8 MB to 130.6 MB.
Total: 8.404500 ms (FindLiveObjects: 0.356000 ms CreateObjectMapping: 0.293700 ms MarkObjects: 7.643800 ms  DeleteObjects: 0.109900 ms)

AssetImportParameters requested are different than current active one (requested -> active):
  custom:video-decoder-ogg-theora: a1e56fd34408186e4bbccfd4996cb3dc -> 
  custom:container-muxer-webm: aa71ff27fc2769a1b78a27578f13a17b -> 
  custom:container-demuxer-webm: 4f35f7cbe854078d1ac9338744f61a02 -> 
  custom:video-encoder-webm-vp8: eb34c28f22e8b96e1ab97ce403110664 -> 
  custom:audio-encoder-webm-vorbis: bf7c407c2cedff20999df2af8eb42d56 -> 
  custom:framework-win-MediaFoundation: 216162199b28c13a410421893ffa2e32 -> 
  custom:container-demuxer-ogg: 62fdf1f143b41e24485cea50d1cbac27 -> 
  custom:video-decoder-webm-vp8: 9c59270c3fd7afecdb556c50c9e8de78 -> 
  custom:audio-decoder-ogg-vorbis: bf7c407c2cedff20999df2af8eb42d56 -> 
========================================================================
Received Import Request.
  Time since last request: 147341.621179 seconds.
  path: Assets/Scenes/ozge1.unity
  artifactKey: Guid(dfaa1e9f97dd87141b3a3ec18f6f5995) Importer(815301076,1909f56bfc062723c751e8b465ee728b)
Start importing Assets/Scenes/ozge1.unity using Guid(dfaa1e9f97dd87141b3a3ec18f6f5995) Importer(815301076,1909f56bfc062723c751e8b465ee728b)  -> (artifact id: 'c02a8336d778b4456a323610ffdbcefc') in 0.049148 seconds 
========================================================================
Received Import Request.
  Time since last request: 31.575765 seconds.
  path: Assets/ProjectileManager/Models/barrel_fractured.fbx
  artifactKey: Guid(234e75b9762de4e8ca5e77488a7d8cbe) Importer(815301076,1909f56bfc062723c751e8b465ee728b)
Start importing Assets/ProjectileManager/Models/barrel_fractured.fbx using Guid(234e75b9762de4e8ca5e77488a7d8cbe) Importer(815301076,1909f56bfc062723c751e8b465ee728b)  -> (artifact id: '3d1b286c9e514ac650406b5cb5cf9414') in 1.493354 seconds 
========================================================================
Received Import Request.
  Time since last request: 0.000032 seconds.
  path: Assets/BOXOPHOBIC/Skybox Cubemap Extended/Demo/Materials/Skybox Cubemap Extended Night.mat
  artifactKey: Guid(cc421da483ed06c49933077a621bff25) Importer(815301076,1909f56bfc062723c751e8b465ee728b)
Start importing Assets/BOXOPHOBIC/Skybox Cubemap Extended/Demo/Materials/Skybox Cubemap Extended Night.mat using Guid(cc421da483ed06c49933077a621bff25) Importer(815301076,1909f56bfc062723c751e8b465ee728b)  -> (artifact id: '7d69f15ca9861926fd1e935b10a0ebae') in 0.879943 seconds 
========================================================================
Received Import Request.
  Time since last request: 1.888079 seconds.
  path: Assets/ProjectileManager/Models/target_mat/Target_mat.mat
  artifactKey: Guid(577b0b151ef984514810c1363bfe0011) Importer(815301076,1909f56bfc062723c751e8b465ee728b)
Start importing Assets/ProjectileManager/Models/target_mat/Target_mat.mat using Guid(577b0b151ef984514810c1363bfe0011) Importer(815301076,1909f56bfc062723c751e8b465ee728b)  -> (artifact id: '4e491ed6d12ac93662f7e7104bff981c') in 0.044210 seconds 
========================================================================
Received Import Request.
  Time since last request: 0.936631 seconds.
  path: Assets/ProjectileManager/Models/barrel_mat/silver.mat
  artifactKey: Guid(f0ee8f1312f80409286d52bd8badb3f1) Importer(815301076,1909f56bfc062723c751e8b465ee728b)
Start importing Assets/ProjectileManager/Models/barrel_mat/silver.mat using Guid(f0ee8f1312f80409286d52bd8badb3f1) Importer(815301076,1909f56bfc062723c751e8b465ee728b)  -> (artifact id: 'a03d1a3d4ff1d6a6db923321eae563af') in 0.014829 seconds 
========================================================================
Received Import Request.
  Time since last request: 0.313649 seconds.
  path: Assets/TextMesh Pro/Examples & Extras/Resources/Fonts & Materials/Roboto-Bold SDF.asset
  artifactKey: Guid(5302535af1044152a457ed104f1f4b91) Importer(815301076,1909f56bfc062723c751e8b465ee728b)
Start importing Assets/TextMesh Pro/Examples & Extras/Resources/Fonts & Materials/Roboto-Bold SDF.asset using Guid(5302535af1044152a457ed104f1f4b91) Importer(815301076,1909f56bfc062723c751e8b465ee728b)  -> (artifact id: '4d88ef85dc037fc525a4b9485ad5295e') in 0.135517 seconds 
========================================================================
Received Import Request.
  Time since last request: 0.190752 seconds.
  path: Assets/TextMesh Pro/Examples & Extras/Resources/Fonts & Materials/Roboto-Bold SDF - Drop Shadow.mat
  artifactKey: Guid(b246c4190f4e46ec9352fe15a7b09ce0) Importer(815301076,1909f56bfc062723c751e8b465ee728b)
Start importing Assets/TextMesh Pro/Examples & Extras/Resources/Fonts & Materials/Roboto-Bold SDF - Drop Shadow.mat using Guid(b246c4190f4e46ec9352fe15a7b09ce0) Importer(815301076,1909f56bfc062723c751e8b465ee728b)  -> (artifact id: '2283b9ad03d2eb420e3b6f84f3d7dce6') in 0.215637 seconds 
========================================================================
Received Import Request.
  Time since last request: 0.163731 seconds.
  path: Assets/Materials/Purple.mat
  artifactKey: Guid(5c32b2a1bc61bf549bbc13b16e8cd4df) Importer(815301076,1909f56bfc062723c751e8b465ee728b)
Start importing Assets/Materials/Purple.mat using Guid(5c32b2a1bc61bf549bbc13b16e8cd4df) Importer(815301076,1909f56bfc062723c751e8b465ee728b)  -> (artifact id: '3ed59b062e7570ea6b502d9a14e293c9') in 0.014309 seconds 
========================================================================
Received Import Request.
  Time since last request: 0.000027 seconds.
  path: Assets/WaterShader/Materials/Plain_Water_Mat.mat
  artifactKey: Guid(746134ff57db2d24cb8da716618a3b3e) Importer(815301076,1909f56bfc062723c751e8b465ee728b)
Start importing Assets/WaterShader/Materials/Plain_Water_Mat.mat using Guid(746134ff57db2d24cb8da716618a3b3e) Importer(815301076,1909f56bfc062723c751e8b465ee728b)  -> (artifact id: 'ddde59ea171913b34639fa163caab47e') in 0.133461 seconds 
========================================================================
Received Import Request.
  Time since last request: 0.157385 seconds.
  path: Assets/artmodels/enviroment.fbx
  artifactKey: Guid(f4bee485df237644cb05231965a988fb) Importer(815301076,1909f56bfc062723c751e8b465ee728b)
Start importing Assets/artmodels/enviroment.fbx using Guid(f4bee485df237644cb05231965a988fb) Importer(815301076,1909f56bfc062723c751e8b465ee728b)  -> (artifact id: '8afbf064f64889e10d9ba5668bc06f56') in 0.048736 seconds 
========================================================================
Received Import Request.
  Time since last request: 0.213351 seconds.
  path: Assets/artmodels/water.fbx
  artifactKey: Guid(248718a771a8cca41971c00500d21b8f) Importer(815301076,1909f56bfc062723c751e8b465ee728b)
Start importing Assets/artmodels/water.fbx using Guid(248718a771a8cca41971c00500d21b8f) Importer(815301076,1909f56bfc062723c751e8b465ee728b)  -> (artifact id: '202df19f037fcc89aaa7155220f8cb0e') in 0.034532 seconds 
========================================================================
Received Import Request.
  Time since last request: 1.131463 seconds.
  path: Assets/artmodels/backpack.fbx
  artifactKey: Guid(bacab48fc22e9a740b0f0531eca0d3f4) Importer(815301076,1909f56bfc062723c751e8b465ee728b)
Start importing Assets/artmodels/backpack.fbx using Guid(bacab48fc22e9a740b0f0531eca0d3f4) Importer(815301076,1909f56bfc062723c751e8b465ee728b)  -> (artifact id: '8f06a30bd37e81ffe4d101f7b1767c68') in 0.212161 seconds 
========================================================================
Received Import Request.
  Time since last request: 0.000029 seconds.
  path: Assets/artmodels/levelend3.fbx
  artifactKey: Guid(33ba116edbebe0c4d9f7791d63fb8aa9) Importer(815301076,1909f56bfc062723c751e8b465ee728b)
Start importing Assets/artmodels/levelend3.fbx using Guid(33ba116edbebe0c4d9f7791d63fb8aa9) Importer(815301076,1909f56bfc062723c751e8b465ee728b)  -> (artifact id: '765e8db0edeb1ae2e517f59340f6f43c') in 0.078457 seconds 
========================================================================
Received Import Request.
  Time since last request: 0.000032 seconds.
  path: Assets/artmodels/levelend4.fbx
  artifactKey: Guid(b16d8c257cf5d3e47add849179122002) Importer(815301076,1909f56bfc062723c751e8b465ee728b)
Start importing Assets/artmodels/levelend4.fbx using Guid(b16d8c257cf5d3e47add849179122002) Importer(815301076,1909f56bfc062723c751e8b465ee728b)  -> (artifact id: 'fcbf6ec99a6dfb77fee6f2cb5a815a2e') in 0.129858 seconds 
========================================================================
Received Import Request.
  Time since last request: 0.006400 seconds.
  path: Assets/Materials/Green.mat
  artifactKey: Guid(7339759c9223bd6489392c81b9ed2bd2) Importer(815301076,1909f56bfc062723c751e8b465ee728b)
Start importing Assets/Materials/Green.mat using Guid(7339759c9223bd6489392c81b9ed2bd2) Importer(815301076,1909f56bfc062723c751e8b465ee728b)  -> (artifact id: '6f49fe2ab18958d6be4d8a30d09bf80c') in 0.032698 seconds 
========================================================================
Received Import Request.
  Time since last request: 0.000029 seconds.
  path: Assets/TextMesh Pro/Examples & Extras/Resources/Fonts & Materials/LiberationSans SDF - Overlay.mat
  artifactKey: Guid(9ad269c99dcf42b7aedefd83dd5a7b9d) Importer(815301076,1909f56bfc062723c751e8b465ee728b)
Start importing Assets/TextMesh Pro/Examples & Extras/Resources/Fonts & Materials/LiberationSans SDF - Overlay.mat using Guid(9ad269c99dcf42b7aedefd83dd5a7b9d) Importer(815301076,1909f56bfc062723c751e8b465ee728b)  -> (artifact id: 'f1a2e8638c6ccc7ced770db233d18c2f') in 0.132574 seconds 
========================================================================
Received Import Request.
  Time since last request: 0.000098 seconds.
  path: Assets/artmodels/totem.fbx
  artifactKey: Guid(369813a9275552e419ffee81913fffde) Importer(815301076,1909f56bfc062723c751e8b465ee728b)
Start importing Assets/artmodels/totem.fbx using Guid(369813a9275552e419ffee81913fffde) Importer(815301076,1909f56bfc062723c751e8b465ee728b)  -> (artifact id: '7cccc8a2d5baaf4cce3a58b2f776c4a0') in 0.097108 seconds 
========================================================================
Received Import Request.
  Time since last request: 0.000033 seconds.
  path: Assets/TextMesh Pro/Examples & Extras/Fonts/Roboto-Bold.ttf
  artifactKey: Guid(4beb055f07aaff244873dec698d0363e) Importer(815301076,1909f56bfc062723c751e8b465ee728b)
Start importing Assets/TextMesh Pro/Examples & Extras/Fonts/Roboto-Bold.ttf using Guid(4beb055f07aaff244873dec698d0363e) Importer(815301076,1909f56bfc062723c751e8b465ee728b)  -> (artifact id: '556b69e757dbe8e2339a7e8575587732') in 0.062490 seconds 
========================================================================
Received Import Request.
  Time since last request: 0.000026 seconds.
  path: Assets/ProjectileManager/Materials/Black.mat
  artifactKey: Guid(2f6e2d0fd322449d1bfdebe881990bbf) Importer(815301076,1909f56bfc062723c751e8b465ee728b)
Start importing Assets/ProjectileManager/Materials/Black.mat using Guid(2f6e2d0fd322449d1bfdebe881990bbf) Importer(815301076,1909f56bfc062723c751e8b465ee728b)  -> (artifact id: 'c2fdc6afc942b3c695dd5a71d20a78ca') in 0.045297 seconds 
========================================================================
Received Import Request.
  Time since last request: 0.000033 seconds.
  path: Assets/TextMesh Pro/Resources/Fonts & Materials/LiberationSans SDF - Fallback.asset
  artifactKey: Guid(2e498d1c8094910479dc3e1b768306a4) Importer(815301076,1909f56bfc062723c751e8b465ee728b)
Start importing Assets/TextMesh Pro/Resources/Fonts & Materials/LiberationSans SDF - Fallback.asset using Guid(2e498d1c8094910479dc3e1b768306a4) Importer(815301076,1909f56bfc062723c751e8b465ee728b)  -> (artifact id: 'dc8796ffaac9838dbffdbd95d3e5119e') in 0.069792 seconds 
========================================================================
Received Import Request.
  Time since last request: 0.000026 seconds.
  path: Assets/SimpleFX/Materials/FX_Glow.mat
  artifactKey: Guid(040cfa3c61ad57946ae16c627e338920) Importer(815301076,1909f56bfc062723c751e8b465ee728b)
Start importing Assets/SimpleFX/Materials/FX_Glow.mat using Guid(040cfa3c61ad57946ae16c627e338920) Importer(815301076,1909f56bfc062723c751e8b465ee728b)  -> (artifact id: '904543d54142ea821d3779574e237604') in 0.046052 seconds 
========================================================================
Received Import Request.
  Time since last request: 0.000024 seconds.
  path: Assets/artmodels/sarkacL.fbx
  artifactKey: Guid(7431e0187da347d4ea24acc48b39dbf0) Importer(815301076,1909f56bfc062723c751e8b465ee728b)
Start importing Assets/artmodels/sarkacL.fbx using Guid(7431e0187da347d4ea24acc48b39dbf0) Importer(815301076,1909f56bfc062723c751e8b465ee728b)  -> (artifact id: 'edb762b2dbc66585e14e4bac99f668f6') in 0.120891 seconds 
========================================================================
Received Import Request.
  Time since last request: 0.000028 seconds.
  path: Assets/BOXOPHOBIC/Skybox Cubemap Extended/Demo/Materials/LowPoly - Grass.mat
  artifactKey: Guid(6fc6652ed834922468cdd63bb95f7fe2) Importer(815301076,1909f56bfc062723c751e8b465ee728b)
Start importing Assets/BOXOPHOBIC/Skybox Cubemap Extended/Demo/Materials/LowPoly - Grass.mat using Guid(6fc6652ed834922468cdd63bb95f7fe2) Importer(815301076,1909f56bfc062723c751e8b465ee728b)  -> (artifact id: '205099bd315179ca667bbc6074294c69') in 0.067926 seconds 
========================================================================
Received Import Request.
  Time since last request: 0.000274 seconds.
  path: Assets/artmodels/razor.fbx
  artifactKey: Guid(93b6a1964647fe04c9636e790ff47d6a) Importer(815301076,1909f56bfc062723c751e8b465ee728b)
Start importing Assets/artmodels/razor.fbx using Guid(93b6a1964647fe04c9636e790ff47d6a) Importer(815301076,1909f56bfc062723c751e8b465ee728b)  -> (artifact id: 'e90d0b337688929fb0a09b9d74f2bf57') in 0.069468 seconds 
========================================================================
Received Import Request.
  Time since last request: 0.008835 seconds.
  path: Assets/ProjectileManager/Materials/MarkerMat.mat
  artifactKey: Guid(07843a3f58f6c4fa7a45d005adbfd33e) Importer(815301076,1909f56bfc062723c751e8b465ee728b)
Start importing Assets/ProjectileManager/Materials/MarkerMat.mat using Guid(07843a3f58f6c4fa7a45d005adbfd33e) Importer(815301076,1909f56bfc062723c751e8b465ee728b)  -> (artifact id: 'd614dd75e53a2b0358e5d8bce2a50dc1') in 0.049904 seconds 
========================================================================
Received Import Request.
  Time since last request: 0.000028 seconds.
  path: Assets/TextMesh Pro/Resources/Fonts & Materials/LiberationSans SDF.asset
  artifactKey: Guid(8f586378b4e144a9851e7b34d9b748ee) Importer(815301076,1909f56bfc062723c751e8b465ee728b)
Start importing Assets/TextMesh Pro/Resources/Fonts & Materials/LiberationSans SDF.asset using Guid(8f586378b4e144a9851e7b34d9b748ee) Importer(815301076,1909f56bfc062723c751e8b465ee728b)  -> (artifact id: '29812973d2bfc0c2113d09658f20e83f') in 0.119865 seconds 
========================================================================
Received Import Request.
  Time since last request: 0.011174 seconds.
  path: Assets/TextMesh Pro/Examples & Extras/Fonts/Anton.ttf
  artifactKey: Guid(997a43b767814dd0a7642ec9b78cba41) Importer(815301076,1909f56bfc062723c751e8b465ee728b)
Start importing Assets/TextMesh Pro/Examples & Extras/Fonts/Anton.ttf using Guid(997a43b767814dd0a7642ec9b78cba41) Importer(815301076,1909f56bfc062723c751e8b465ee728b)  -> (artifact id: 'd715a65cec22557af36e509655f99a14') in 0.070140 seconds 
========================================================================
Received Import Request.
  Time since last request: 0.000026 seconds.
  path: Assets/artmodels/character.fbx
  artifactKey: Guid(9335b4cacf358c648aed838d390b4738) Importer(815301076,1909f56bfc062723c751e8b465ee728b)
Start importing Assets/artmodels/character.fbx using Guid(9335b4cacf358c648aed838d390b4738) Importer(815301076,1909f56bfc062723c751e8b465ee728b)  -> (artifact id: '7408509a1015301edb96fa3cee7622e6') in 0.194134 seconds 
========================================================================
Received Import Request.
  Time since last request: 0.000302 seconds.
  path: Assets/SimpleFX/Materials/FX_Lightray.mat
  artifactKey: Guid(7e0b60daf18511249a209d52beda2988) Importer(815301076,1909f56bfc062723c751e8b465ee728b)
Start importing Assets/SimpleFX/Materials/FX_Lightray.mat using Guid(7e0b60daf18511249a209d52beda2988) Importer(815301076,1909f56bfc062723c751e8b465ee728b)  -> (artifact id: 'e6595ca0dd03c58ea6eccbe7bc3d17f6') in 0.136496 seconds 
========================================================================
Received Import Request.
  Time since last request: 0.000076 seconds.
  path: Assets/ProjectileManager/Models/target.fbx
  artifactKey: Guid(432ca70b723464db2bf45e50c117845c) Importer(815301076,1909f56bfc062723c751e8b465ee728b)
Start importing Assets/ProjectileManager/Models/target.fbx using Guid(432ca70b723464db2bf45e50c117845c) Importer(815301076,1909f56bfc062723c751e8b465ee728b)  -> (artifact id: '85cecb23d58e3aed85f1b8aea015ac9d') in 0.067850 seconds 
========================================================================
Received Import Request.
  Time since last request: 0.000102 seconds.
  path: Assets/ProjectileManager/Models/canon.fbx
  artifactKey: Guid(8f4d40932703b492ba9f0c814cc339b4) Importer(815301076,1909f56bfc062723c751e8b465ee728b)
Start importing Assets/ProjectileManager/Models/canon.fbx using Guid(8f4d40932703b492ba9f0c814cc339b4) Importer(815301076,1909f56bfc062723c751e8b465ee728b)  -> (artifact id: '8ce3cb4a110e5efde732be09636059bc') in 0.184612 seconds 
========================================================================
Received Import Request.
  Time since last request: 0.000840 seconds.
  path: Assets/artmodels/pine.fbx
  artifactKey: Guid(db49ca30c5e4cee46936266b086ea100) Importer(815301076,1909f56bfc062723c751e8b465ee728b)
Start importing Assets/artmodels/pine.fbx using Guid(db49ca30c5e4cee46936266b086ea100) Importer(815301076,1909f56bfc062723c751e8b465ee728b)  -> (artifact id: 'ad7e28aa1cd905f33a8b2b83b0cf3b32') in 0.068765 seconds 
========================================================================
Received Import Request.
  Time since last request: 0.000020 seconds.
  path: Assets/artmodels/totem2.fbx
  artifactKey: Guid(790490eb83f51cb4395cbb03ea4fccaf) Importer(815301076,1909f56bfc062723c751e8b465ee728b)
Start importing Assets/artmodels/totem2.fbx using Guid(790490eb83f51cb4395cbb03ea4fccaf) Importer(815301076,1909f56bfc062723c751e8b465ee728b)  -> (artifact id: '23acc28745e348c517adffc97dd27156') in 0.074819 seconds 
========================================================================
Received Import Request.
  Time since last request: 0.031366 seconds.
  path: Assets/ProjectileManager/Models/barrel_mat/barrel.mat
  artifactKey: Guid(b9258a121b5e8497db14a0985a0ac93e) Importer(815301076,1909f56bfc062723c751e8b465ee728b)
Start importing Assets/ProjectileManager/Models/barrel_mat/barrel.mat using Guid(b9258a121b5e8497db14a0985a0ac93e) Importer(815301076,1909f56bfc062723c751e8b465ee728b)  -> (artifact id: '8e1b7c7a5322138a9fb4463ad105416c') in 0.056430 seconds 
========================================================================
Received Import Request.
  Time since last request: 0.004987 seconds.
  path: Assets/artmodels/road.fbx
  artifactKey: Guid(ed410a7638f4d704a867bf482cd123ef) Importer(815301076,1909f56bfc062723c751e8b465ee728b)
Start importing Assets/artmodels/road.fbx using Guid(ed410a7638f4d704a867bf482cd123ef) Importer(815301076,1909f56bfc062723c751e8b465ee728b)  -> (artifact id: 'ec70aeedc75d2ac6b231a92d3bedd22c') in 0.103232 seconds 
========================================================================
Received Import Request.
  Time since last request: 0.000027 seconds.
  path: Assets/TextMesh Pro/Examples & Extras/Resources/Fonts & Materials/Anton SDF - Sunny Days.mat
  artifactKey: Guid(6522f30e342599e4e9dd4cc2cc03c830) Importer(815301076,1909f56bfc062723c751e8b465ee728b)
Start importing Assets/TextMesh Pro/Examples & Extras/Resources/Fonts & Materials/Anton SDF - Sunny Days.mat using Guid(6522f30e342599e4e9dd4cc2cc03c830) Importer(815301076,1909f56bfc062723c751e8b465ee728b)  -> (artifact id: 'e7bc57f66927ed7ad04488aa1f345cd8') in 0.447569 seconds 
========================================================================
Received Import Request.
  Time since last request: 0.001214 seconds.
  path: Assets/Materials/Brown.mat
  artifactKey: Guid(cb8cfa49ad6c40e46b95ad62a9e62f7c) Importer(815301076,1909f56bfc062723c751e8b465ee728b)
Start importing Assets/Materials/Brown.mat using Guid(cb8cfa49ad6c40e46b95ad62a9e62f7c) Importer(815301076,1909f56bfc062723c751e8b465ee728b)  -> (artifact id: 'bad546229bdf61479bcd4c9fbda2d9a3') in 0.061610 seconds 
========================================================================
Received Import Request.
  Time since last request: 0.000276 seconds.
  path: Assets/artmodels/enviroment3.fbx
  artifactKey: Guid(69b54d3b7faac954ebdef5504aa4d4cf) Importer(815301076,1909f56bfc062723c751e8b465ee728b)
Start importing Assets/artmodels/enviroment3.fbx using Guid(69b54d3b7faac954ebdef5504aa4d4cf) Importer(815301076,1909f56bfc062723c751e8b465ee728b)  -> (artifact id: '7fb9e138cc2fdb8a2c0628a74dda44d7') in 0.063685 seconds 
========================================================================
Received Import Request.
  Time since last request: 0.000593 seconds.
  path: Assets/BOXOPHOBIC/Skybox Cubemap Extended/Demo/Materials/LowPoly - FirTreeVariation.mat
  artifactKey: Guid(0f74119e82d3b3a4d9b2842dbaa2a6ee) Importer(815301076,1909f56bfc062723c751e8b465ee728b)
Start importing Assets/BOXOPHOBIC/Skybox Cubemap Extended/Demo/Materials/LowPoly - FirTreeVariation.mat using Guid(0f74119e82d3b3a4d9b2842dbaa2a6ee) Importer(815301076,1909f56bfc062723c751e8b465ee728b)  -> (artifact id: 'd5590134a53b30eb6b2c6cb8bd09ef8c') in 0.055151 seconds 
========================================================================
Received Import Request.
  Time since last request: 0.000027 seconds.
  path: Assets/TextMesh Pro/Examples & Extras/Materials/Ground - Logo Scene.mat
  artifactKey: Guid(c719e38f25a9480abd2480ab621a2949) Importer(815301076,1909f56bfc062723c751e8b465ee728b)
Start importing Assets/TextMesh Pro/Examples & Extras/Materials/Ground - Logo Scene.mat using Guid(c719e38f25a9480abd2480ab621a2949) Importer(815301076,1909f56bfc062723c751e8b465ee728b)  -> (artifact id: '4011cc65356e9dbb98cb97f8820b30b8') in 0.030250 seconds 
========================================================================
Received Import Request.
  Time since last request: 0.000037 seconds.
  path: Assets/artmodels/coco.fbx
  artifactKey: Guid(fae8941182b3b454ea809566352d563f) Importer(815301076,1909f56bfc062723c751e8b465ee728b)
Start importing Assets/artmodels/coco.fbx using Guid(fae8941182b3b454ea809566352d563f) Importer(815301076,1909f56bfc062723c751e8b465ee728b)  -> (artifact id: 'b30f67579e0ef8ca15b16dee98b73406') in 0.068817 seconds 
========================================================================
Received Import Request.
  Time since last request: 0.017117 seconds.
  path: Assets/artmodels/island.fbx
  artifactKey: Guid(5855e3a7f88c7a34c9e08575acc1d2d9) Importer(815301076,1909f56bfc062723c751e8b465ee728b)
Start importing Assets/artmodels/island.fbx using Guid(5855e3a7f88c7a34c9e08575acc1d2d9) Importer(815301076,1909f56bfc062723c751e8b465ee728b)  -> (artifact id: '0c9b14c8374f92a4575d2ebe8e34e0d5') in 0.057609 seconds 
========================================================================
Received Import Request.
  Time since last request: 0.000034 seconds.
  path: Assets/SimpleFX/Materials/FX_Splash.mat
  artifactKey: Guid(1ee00051305bdb049b02c923f047227d) Importer(815301076,1909f56bfc062723c751e8b465ee728b)
Start importing Assets/SimpleFX/Materials/FX_Splash.mat using Guid(1ee00051305bdb049b02c923f047227d) Importer(815301076,1909f56bfc062723c751e8b465ee728b)  -> (artifact id: '66a4bda7b33d7b685f2244fd3faa5a7f') in 0.063680 seconds 
========================================================================
Received Import Request.
  Time since last request: 0.000033 seconds.
  path: Assets/artmodels/temple1.fbx
  artifactKey: Guid(f928b289d018dc546a9ed6df0a9ff678) Importer(815301076,1909f56bfc062723c751e8b465ee728b)
Start importing Assets/artmodels/temple1.fbx using Guid(f928b289d018dc546a9ed6df0a9ff678) Importer(815301076,1909f56bfc062723c751e8b465ee728b)  -> (artifact id: 'ce2ccc2e2ae2adac2b11e282cb66810a') in 0.071366 seconds 
========================================================================
Received Import Request.
  Time since last request: 0.003271 seconds.
  path: Assets/TextMesh Pro/Examples & Extras/Resources/Fonts & Materials/LiberationSans SDF - Soft Mask.mat
  artifactKey: Guid(42df1c7856584b6b8db9a509b6b10074) Importer(815301076,1909f56bfc062723c751e8b465ee728b)
Start importing Assets/TextMesh Pro/Examples & Extras/Resources/Fonts & Materials/LiberationSans SDF - Soft Mask.mat using Guid(42df1c7856584b6b8db9a509b6b10074) Importer(815301076,1909f56bfc062723c751e8b465ee728b)  -> (artifact id: '12373f08bb66285e88b1807e33be9a6f') in 0.082233 seconds 
========================================================================
Received Prepare
Registering precompiled user dll's ...
Registered in 0.016766 seconds.
Begin MonoManager ReloadAssembly
Symbol file LoadedFromMemory doesn't match image C:\Users\Maing\Documents\GitHub\SlingshotProject\Library\PackageCache\com.unity.visualscripting@1.7.8\Editor\VisualScripting.Core\Dependencies\YamlDotNet\Unity.VisualScripting.YamlDotNet.dll
Symbol file LoadedFromMemory doesn't match image C:\Users\Maing\Documents\GitHub\SlingshotProject\Library\PackageCache\com.unity.visualscripting@1.7.8\Editor\VisualScripting.Core\Dependencies\DotNetZip\Unity.VisualScripting.IonicZip.dll
Native extension for WindowsStandalone target not found
Native extension for Android target not found
Refreshing native plugins compatible for Editor in 2.50 ms, found 3 plugins.
Preloading 0 native plugins for Editor in 0.00 ms.
Mono: successfully reloaded assembly
- Completed reload, in  1.886 seconds
Domain Reload Profiling:
	ReloadAssembly (1887ms)
		BeginReloadAssembly (185ms)
			ExecutionOrderSort (0ms)
			DisableScriptedObjects (7ms)
			BackupInstance (0ms)
			ReleaseScriptingObjects (0ms)
			CreateAndSetChildDomain (55ms)
		EndReloadAssembly (1554ms)
			LoadAssemblies (132ms)
			RebuildTransferFunctionScriptingTraits (0ms)
			SetupTypeCache (463ms)
			ReleaseScriptCaches (3ms)
			RebuildScriptCaches (95ms)
			SetupLoadedEditorAssemblies (735ms)
				LogAssemblyErrors (0ms)
				InitializePlatformSupportModulesInManaged (35ms)
				SetLoadedEditorAssemblies (1ms)
				RefreshPlugins (3ms)
				BeforeProcessingInitializeOnLoad (108ms)
				ProcessInitializeOnLoadAttributes (503ms)
				ProcessInitializeOnLoadMethodAttributes (80ms)
				AfterProcessingInitializeOnLoad (6ms)
				EditorAssembliesLoaded (0ms)
			ExecutionOrderSort2 (0ms)
			AwakeInstancesAfterBackupRestoration (10ms)
Platform modules already initialized, skipping
Refreshing native plugins compatible for Editor in 3.20 ms, found 3 plugins.
Preloading 0 native plugins for Editor in 0.00 ms.
Unloading 3603 Unused Serialized files (Serialized files now loaded: 0)
Unloading 39 unused Assets / (95.6 KB). Loaded Objects now: 4202.
Memory consumption went from 145.1 MB to 145.0 MB.
Total: 7.685500 ms (FindLiveObjects: 0.332500 ms CreateObjectMapping: 0.275300 ms MarkObjects: 7.017000 ms  DeleteObjects: 0.059300 ms)

AssetImportParameters requested are different than current active one (requested -> active):
  custom:video-decoder-ogg-theora: a1e56fd34408186e4bbccfd4996cb3dc -> 
  custom:container-muxer-webm: aa71ff27fc2769a1b78a27578f13a17b -> 
  custom:container-demuxer-webm: 4f35f7cbe854078d1ac9338744f61a02 -> 
  custom:video-encoder-webm-vp8: eb34c28f22e8b96e1ab97ce403110664 -> 
  custom:audio-encoder-webm-vorbis: bf7c407c2cedff20999df2af8eb42d56 -> 
  custom:framework-win-MediaFoundation: 216162199b28c13a410421893ffa2e32 -> 
  custom:container-demuxer-ogg: 62fdf1f143b41e24485cea50d1cbac27 -> 
  custom:video-decoder-webm-vp8: 9c59270c3fd7afecdb556c50c9e8de78 -> 
  custom:audio-decoder-ogg-vorbis: bf7c407c2cedff20999df2af8eb42d56 -> 
